# JRE version: OpenJDK Runtime Environment Corretto-11.0.23.9.1 (11.0.23+9) (build 11.0.23+9-LTS)
# Java VM: OpenJDK 64-Bit Server VM Corretto-11.0.23.9.1 (11.0.23+9-LTS, mixed mode, tiered, compressed oops, g1 gc, windows-amd64)
Heap:
 garbage-first heap   total 159744K, used 116251K [0x0000000080000000, 0x0000000100000000)
  region size 1024K, 24 young (24576K), 2 survivors (2048K)
 Metaspace       used 89355K, capacity 91596K, committed 91904K, reserved 1128448K
  class space    used 11402K, capacity 12232K, committed 12288K, reserved 1048576K
GC Heap History (20 events):
Event: 91.494 GC heap before
{Heap before GC invocations=116 (full 0):
 garbage-first heap   total 110592K, used 94304K [0x0000000080000000, 0x0000000100000000)
  region size 1024K, 5 young (5120K), 1 survivors (1024K)
 Metaspace       used 80520K, capacity 82467K, committed 82688K, reserved 1120256K
  class space    used 10194K, capacity 10895K, committed 11008K, reserved 1048576K
}
Event: 91.512 GC heap after
{Heap after GC invocations=117 (full 0):
 garbage-first heap   total 110592K, used 90763K [0x0000000080000000, 0x0000000100000000)
  region size 1024K, 1 young (1024K), 1 survivors (1024K)
 Metaspace       used 80520K, capacity 82467K, committed 82688K, reserved 1120256K
  class space    used 10194K, capacity 10895K, committed 11008K, reserved 1048576K
}
Event: 91.881 GC heap before
{Heap before GC invocations=118 (full 0):
 garbage-first heap   total 110592K, used 94859K [0x0000000080000000, 0x0000000100000000)
  region size 1024K, 5 young (5120K), 1 survivors (1024K)
 Metaspace       used 80521K, capacity 82467K, committed 82688K, reserved 1120256K
  class space    used 10194K, capacity 10895K, committed 11008K, reserved 1048576K
}
Event: 91.885 GC heap after
{Heap after GC invocations=119 (full 0):
 garbage-first heap   total 110592K, used 90850K [0x0000000080000000, 0x0000000100000000)
  region size 1024K, 1 young (1024K), 1 survivors (1024K)
 Metaspace       used 80521K, capacity 82467K, committed 82688K, reserved 1120256K
  class space    used 10194K, capacity 10895K, committed 11008K, reserved 1048576K
}
Event: 92.063 GC heap before
{Heap before GC invocations=119 (full 0):
 garbage-first heap   total 110592K, used 94946K [0x0000000080000000, 0x0000000100000000)
  region size 1024K, 5 young (5120K), 1 survivors (1024K)
 Metaspace       used 80536K, capacity 82467K, committed 82688K, reserved 1120256K
  class space    used 10194K, capacity 10895K, committed 11008K, reserved 1048576K
}
Event: 92.065 GC heap after
{Heap after GC invocations=120 (full 0):
 garbage-first heap   total 110592K, used 91237K [0x0000000080000000, 0x0000000100000000)
  region size 1024K, 1 young (1024K), 1 survivors (1024K)
 Metaspace       used 80536K, capacity 82467K, committed 82688K, reserved 1120256K
  class space    used 10194K, capacity 10895K, committed 11008K, reserved 1048576K
}
Event: 92.255 GC heap before
{Heap before GC invocations=120 (full 0):
 garbage-first heap   total 110592K, used 95333K [0x0000000080000000, 0x0000000100000000)
  region size 1024K, 5 young (5120K), 1 survivors (1024K)
 Metaspace       used 80569K, capacity 82694K, committed 82944K, reserved 1122304K
  class space    used 10199K, capacity 10929K, committed 11008K, reserved 1048576K
}
Event: 92.257 GC heap after
{Heap after GC invocations=121 (full 0):
 garbage-first heap   total 110592K, used 91619K [0x0000000080000000, 0x0000000100000000)
  region size 1024K, 1 young (1024K), 1 survivors (1024K)
 Metaspace       used 80569K, capacity 82694K, committed 82944K, reserved 1122304K
  class space    used 10199K, capacity 10929K, committed 11008K, reserved 1048576K
}
Event: 92.358 GC heap before
{Heap before GC invocations=122 (full 0):
 garbage-first heap   total 110592K, used 95715K [0x0000000080000000, 0x0000000100000000)
  region size 1024K, 5 young (5120K), 1 survivors (1024K)
 Metaspace       used 80570K, capacity 82694K, committed 82944K, reserved 1122304K
  class space    used 10199K, capacity 10929K, committed 11008K, reserved 1048576K
}
Event: 92.364 GC heap after
{Heap after GC invocations=123 (full 0):
 garbage-first heap   total 133120K, used 91845K [0x0000000080000000, 0x0000000100000000)
  region size 1024K, 1 young (1024K), 1 survivors (1024K)
 Metaspace       used 80570K, capacity 82694K, committed 82944K, reserved 1122304K
  class space    used 10199K, capacity 10929K, committed 11008K, reserved 1048576K
}
Event: 93.001 GC heap before
{Heap before GC invocations=123 (full 0):
 garbage-first heap   total 133120K, used 103109K [0x0000000080000000, 0x0000000100000000)
  region size 1024K, 12 young (12288K), 1 survivors (1024K)
 Metaspace       used 80843K, capacity 82864K, committed 82944K, reserved 1122304K
  class space    used 10227K, capacity 10964K, committed 11008K, reserved 1048576K
}
Event: 93.007 GC heap after
{Heap after GC invocations=124 (full 0):
 garbage-first heap   total 133120K, used 92827K [0x0000000080000000, 0x0000000100000000)
  region size 1024K, 2 young (2048K), 2 survivors (2048K)
 Metaspace       used 80843K, capacity 82864K, committed 82944K, reserved 1122304K
  class space    used 10227K, capacity 10964K, committed 11008K, reserved 1048576K
}
Event: 94.729 GC heap before
{Heap before GC invocations=125 (full 0):
 garbage-first heap   total 133120K, used 105115K [0x0000000080000000, 0x0000000100000000)
  region size 1024K, 14 young (14336K), 2 survivors (2048K)
 Metaspace       used 82276K, capacity 84273K, committed 84480K, reserved 1122304K
  class space    used 10414K, capacity 11156K, committed 11264K, reserved 1048576K
}
Event: 94.765 GC heap after
{Heap after GC invocations=126 (full 0):
 garbage-first heap   total 133120K, used 93694K [0x0000000080000000, 0x0000000100000000)
  region size 1024K, 1 young (1024K), 1 survivors (1024K)
 Metaspace       used 82276K, capacity 84273K, committed 84480K, reserved 1122304K
  class space    used 10414K, capacity 11156K, committed 11264K, reserved 1048576K
}
Event: 96.108 GC heap before
{Heap before GC invocations=126 (full 0):
 garbage-first heap   total 133120K, used 107006K [0x0000000080000000, 0x0000000100000000)
  region size 1024K, 14 young (14336K), 1 survivors (1024K)
 Metaspace       used 84013K, capacity 85987K, committed 86272K, reserved 1124352K
  class space    used 10731K, capacity 11452K, committed 11520K, reserved 1048576K
}
Event: 96.113 GC heap after
{Heap after GC invocations=127 (full 0):
 garbage-first heap   total 133120K, used 94048K [0x0000000080000000, 0x0000000100000000)
  region size 1024K, 2 young (2048K), 2 survivors (2048K)
 Metaspace       used 84013K, capacity 85987K, committed 86272K, reserved 1124352K
  class space    used 10731K, capacity 11452K, committed 11520K, reserved 1048576K
}
Event: 97.489 GC heap before
{Heap before GC invocations=128 (full 0):
 garbage-first heap   total 133120K, used 107360K [0x0000000080000000, 0x0000000100000000)
  region size 1024K, 15 young (15360K), 2 survivors (2048K)
 Metaspace       used 85733K, capacity 87808K, committed 87936K, reserved 1126400K
  class space    used 11039K, capacity 11817K, committed 11904K, reserved 1048576K
}
Event: 97.501 GC heap after
{Heap after GC invocations=129 (full 0):
 garbage-first heap   total 133120K, used 94802K [0x0000000080000000, 0x0000000100000000)
  region size 1024K, 2 young (2048K), 2 survivors (2048K)
 Metaspace       used 85733K, capacity 87808K, committed 87936K, reserved 1126400K
  class space    used 11039K, capacity 11817K, committed 11904K, reserved 1048576K
}
Event: 98.813 GC heap before
{Heap before GC invocations=129 (full 0):
 garbage-first heap   total 133120K, used 108114K [0x0000000080000000, 0x0000000100000000)
  region size 1024K, 15 young (15360K), 2 survivors (2048K)
 Metaspace       used 86801K, capacity 88898K, committed 89088K, reserved 1126400K
  class space    used 11176K, capacity 11958K, committed 12032K, reserved 1048576K
}
Event: 98.825 GC heap after
{Heap after GC invocations=130 (full 0):
 garbage-first heap   total 159744K, used 95771K [0x0000000080000000, 0x0000000100000000)
  region size 1024K, 2 young (2048K), 2 survivors (2048K)
 Metaspace       used 86801K, capacity 88898K, committed 89088K, reserved 1126400K
  class space    used 11176K, capacity 11958K, committed 12032K, reserved 1048576K
}

